[0m13:22:39.157857 [debug] [MainThread]: Sending event: {'category': 'dbt', 'action': 'invocation', 'label': 'start', 'context': [<snowplow_tracker.self_describing_json.SelfDescribingJson object at 0x7f9f265e2c90>, <snowplow_tracker.self_describing_json.SelfDescribingJson object at 0x7f9f277000b0>, <snowplow_tracker.self_describing_json.SelfDescribingJson object at 0x7f9f2697ec00>]}


============================== 13:22:39.178970 | 2afde845-906c-4c03-9e6c-75c8b8e5aa85 ==============================
[0m13:22:39.178970 [info ] [MainThread]: Running with dbt=1.9.0
[0m13:22:39.182751 [debug] [MainThread]: running dbt with arguments {'printer_width': '80', 'indirect_selection': 'eager', 'write_json': 'True', 'log_cache_events': 'False', 'partial_parse': 'True', 'cache_selected_only': 'False', 'profiles_dir': '/root/.dbt', 'debug': 'False', 'warn_error': 'None', 'log_path': 'logs', 'version_check': 'True', 'fail_fast': 'False', 'use_colors': 'True', 'use_experimental_parser': 'False', 'empty': 'None', 'quiet': 'False', 'no_print': 'None', 'warn_error_options': 'WarnErrorOptions(include=[], exclude=[])', 'introspect': 'True', 'invocation_command': 'dbt init dbt_proj', 'static_parser': 'True', 'target_path': 'None', 'log_format': 'default', 'send_anonymous_usage_stats': 'True'}
[0m13:22:39.338019 [warn ] [MainThread]: [ConfigFolderDirectory]: Unable to parse logging event dictionary. Failed to parse dir field: expected string or bytes-like object, got 'PosixPath'.. Dictionary: {'dir': PosixPath('/root/.dbt')}
[0m13:22:39.340732 [info ] [MainThread]: Creating dbt configuration folder at 
[0m13:22:39.359603 [debug] [MainThread]: Starter project path: /usr/local/lib/python3.12/site-packages/dbt/include/starter_project
[0m13:22:39.455304 [info ] [MainThread]: 
Your new dbt project "dbt_proj" was created!

For more information on how to configure the profiles.yml file,
please consult the dbt documentation here:

  https://docs.getdbt.com/docs/configure-your-profile

One more thing:

Need help? Don't hesitate to reach out to us via GitHub issues or on Slack:

  https://community.getdbt.com/

Happy modeling!

[0m13:22:39.459419 [info ] [MainThread]: Setting up your profile.
[0m13:23:35.615149 [info ] [MainThread]: Profile dbt_proj written to /root/.dbt/profiles.yml using target's profile_template.yml and your supplied values. Run 'dbt debug' to validate the connection.
[0m13:23:35.648102 [debug] [MainThread]: Resource report: {"command_name": "init", "command_success": true, "command_wall_clock_time": 56.608654, "process_in_blocks": "93336", "process_kernel_time": 0.826859, "process_mem_max_rss": "91968", "process_out_blocks": "1484", "process_user_time": 4.587257}
[0m13:23:35.658287 [debug] [MainThread]: Command `dbt init` succeeded at 13:23:35.655681 after 56.62 seconds
[0m13:23:35.670454 [debug] [MainThread]: Sending event: {'category': 'dbt', 'action': 'invocation', 'label': 'end', 'context': [<snowplow_tracker.self_describing_json.SelfDescribingJson object at 0x7f9f25d7f080>, <snowplow_tracker.self_describing_json.SelfDescribingJson object at 0x7f9f25d1ca10>, <snowplow_tracker.self_describing_json.SelfDescribingJson object at 0x7f9f27cdc140>]}
[0m13:23:35.698203 [debug] [MainThread]: Flushing usage events
[0m13:23:37.205436 [debug] [MainThread]: An error was encountered while trying to flush usage events
[0m14:17:43.566618 [debug] [MainThread]: Sending event: {'category': 'dbt', 'action': 'invocation', 'label': 'start', 'context': [<snowplow_tracker.self_describing_json.SelfDescribingJson object at 0x7f9b55de31d0>, <snowplow_tracker.self_describing_json.SelfDescribingJson object at 0x7f9b55365f70>, <snowplow_tracker.self_describing_json.SelfDescribingJson object at 0x7f9b5503e120>]}


============================== 14:17:43.589709 | 1e1c2e53-7f0f-4ee9-a952-85d531652607 ==============================
[0m14:17:43.589709 [info ] [MainThread]: Running with dbt=1.9.0
[0m14:17:43.593632 [debug] [MainThread]: running dbt with arguments {'printer_width': '80', 'indirect_selection': 'eager', 'log_cache_events': 'False', 'write_json': 'True', 'partial_parse': 'True', 'cache_selected_only': 'False', 'warn_error': 'None', 'fail_fast': 'False', 'debug': 'False', 'log_path': 'logs', 'version_check': 'True', 'profiles_dir': '/usr/app', 'use_colors': 'True', 'use_experimental_parser': 'False', 'empty': 'None', 'quiet': 'False', 'no_print': 'None', 'log_format': 'default', 'static_parser': 'True', 'warn_error_options': 'WarnErrorOptions(include=[], exclude=[])', 'invocation_command': 'dbt debug', 'target_path': 'None', 'introspect': 'True', 'send_anonymous_usage_stats': 'True'}
[0m14:17:43.738027 [info ] [MainThread]: dbt version: 1.9.0
[0m14:17:43.740960 [info ] [MainThread]: python version: 3.12.4
[0m14:17:43.744936 [info ] [MainThread]: python path: /usr/local/bin/python
[0m14:17:43.749607 [info ] [MainThread]: os info: Linux-6.10.14-linuxkit-x86_64-with-glibc2.31
[0m14:17:44.004840 [info ] [MainThread]: Using profiles dir at /usr/app
[0m14:17:44.007086 [info ] [MainThread]: Using profiles.yml file at /usr/app/profiles.yml
[0m14:17:44.010386 [info ] [MainThread]: Using dbt_project.yml file at /usr/app/dbt_project.yml
[0m14:17:44.016171 [info ] [MainThread]: adapter type: postgres
[0m14:17:44.020246 [info ] [MainThread]: adapter version: 1.9.0
[0m14:17:44.025465 [info ] [MainThread]: Configuration:
[0m14:17:44.030112 [info ] [MainThread]:   profiles.yml file [[32mOK found and valid[0m]
[0m14:17:44.033089 [info ] [MainThread]:   dbt_project.yml file [[31mERROR not found[0m]
[0m14:17:44.036789 [info ] [MainThread]: Required dependencies:
[0m14:17:44.045589 [debug] [MainThread]: Executing "git --help"
[0m14:17:44.130706 [debug] [MainThread]: STDOUT: "b"usage: git [--version] [--help] [-C <path>] [-c <name>=<value>]\n           [--exec-path[=<path>]] [--html-path] [--man-path] [--info-path]\n           [-p | --paginate | -P | --no-pager] [--no-replace-objects] [--bare]\n           [--git-dir=<path>] [--work-tree=<path>] [--namespace=<name>]\n           <command> [<args>]\n\nThese are common Git commands used in various situations:\n\nstart a working area (see also: git help tutorial)\n   clone             Clone a repository into a new directory\n   init              Create an empty Git repository or reinitialize an existing one\n\nwork on the current change (see also: git help everyday)\n   add               Add file contents to the index\n   mv                Move or rename a file, a directory, or a symlink\n   restore           Restore working tree files\n   rm                Remove files from the working tree and from the index\n   sparse-checkout   Initialize and modify the sparse-checkout\n\nexamine the history and state (see also: git help revisions)\n   bisect            Use binary search to find the commit that introduced a bug\n   diff              Show changes between commits, commit and working tree, etc\n   grep              Print lines matching a pattern\n   log               Show commit logs\n   show              Show various types of objects\n   status            Show the working tree status\n\ngrow, mark and tweak your common history\n   branch            List, create, or delete branches\n   commit            Record changes to the repository\n   merge             Join two or more development histories together\n   rebase            Reapply commits on top of another base tip\n   reset             Reset current HEAD to the specified state\n   switch            Switch branches\n   tag               Create, list, delete or verify a tag object signed with GPG\n\ncollaborate (see also: git help workflows)\n   fetch             Download objects and refs from another repository\n   pull              Fetch from and integrate with another repository or a local branch\n   push              Update remote refs along with associated objects\n\n'git help -a' and 'git help -g' list available subcommands and some\nconcept guides. See 'git help <command>' or 'git help <concept>'\nto read about a specific subcommand or concept.\nSee 'git help git' for an overview of the system.\n""
[0m14:17:44.141238 [debug] [MainThread]: STDERR: "b''"
[0m14:17:44.160646 [info ] [MainThread]:  - git [[32mOK found[0m]

[0m14:17:44.175943 [info ] [MainThread]: Connection:
[0m14:17:44.192988 [info ] [MainThread]:   host: db
[0m14:17:44.203692 [info ] [MainThread]:   port: 5432
[0m14:17:44.215400 [info ] [MainThread]:   user: db_user
[0m14:17:44.222561 [info ] [MainThread]:   database: weather_db
[0m14:17:44.230481 [info ] [MainThread]:   schema: dev
[0m14:17:44.237741 [info ] [MainThread]:   connect_timeout: 10
[0m14:17:44.241970 [info ] [MainThread]:   role: None
[0m14:17:44.248885 [info ] [MainThread]:   search_path: None
[0m14:17:44.254705 [info ] [MainThread]:   keepalives_idle: 0
[0m14:17:44.261564 [info ] [MainThread]:   sslmode: None
[0m14:17:44.266689 [info ] [MainThread]:   sslcert: None
[0m14:17:44.271632 [info ] [MainThread]:   sslkey: None
[0m14:17:44.280097 [info ] [MainThread]:   sslrootcert: None
[0m14:17:44.286748 [info ] [MainThread]:   application_name: dbt
[0m14:17:44.292489 [info ] [MainThread]:   retries: 1
[0m14:17:44.301311 [info ] [MainThread]: Registered adapter: postgres=1.9.0
[0m14:17:44.557042 [debug] [MainThread]: Acquiring new postgres connection 'debug'
[0m14:17:44.681336 [debug] [MainThread]: Using postgres connection "debug"
[0m14:17:44.683014 [debug] [MainThread]: On debug: select 1 as id
[0m14:17:44.686734 [debug] [MainThread]: Opening a new connection, currently in state init
[0m14:17:44.724246 [debug] [MainThread]: Postgres adapter: Got a retryable error when attempting to open a postgres connection.
1 attempts remaining. Retrying in 0 seconds.
Error:
could not translate host name "db" to address: Name or service not known

[0m14:17:44.760169 [debug] [MainThread]: Postgres adapter: Error running SQL: select 1 as id
[0m14:17:44.765516 [debug] [MainThread]: Postgres adapter: Rolling back transaction.
[0m14:17:44.770953 [debug] [MainThread]: On debug: No close available on handle
[0m14:17:44.775973 [info ] [MainThread]:   Connection test: [[31mERROR[0m]

[0m14:17:44.782507 [info ] [MainThread]: [31m2 checks failed:[0m
[0m14:17:44.789268 [info ] [MainThread]: Project loading failed for the following reason:
 project path </usr/app/dbt_project.yml> not found

[0m14:17:44.797976 [info ] [MainThread]: dbt was unable to connect to the specified database.
The database returned the following error:

  >Database Error
  could not translate host name "db" to address: Name or service not known
  

Check your database credentials and try again. For more information, visit:
https://docs.getdbt.com/docs/configure-your-profile


[0m14:17:44.813454 [debug] [MainThread]: Resource report: {"command_name": "debug", "command_success": false, "command_wall_clock_time": 1.419608, "process_in_blocks": "105192", "process_kernel_time": 1.275085, "process_mem_max_rss": "95664", "process_out_blocks": "1502", "process_user_time": 4.660991}
[0m14:17:44.820891 [debug] [MainThread]: Command `dbt debug` failed at 14:17:44.819623 after 1.43 seconds
[0m14:17:44.832227 [debug] [MainThread]: Connection 'debug' was properly closed.
[0m14:17:44.848298 [debug] [MainThread]: Sending event: {'category': 'dbt', 'action': 'invocation', 'label': 'end', 'context': [<snowplow_tracker.self_describing_json.SelfDescribingJson object at 0x7f9b54c1bcb0>, <snowplow_tracker.self_describing_json.SelfDescribingJson object at 0x7f9b556c78c0>, <snowplow_tracker.self_describing_json.SelfDescribingJson object at 0x7f9b556c4dd0>]}
[0m14:17:44.865511 [debug] [MainThread]: Flushing usage events
[0m14:17:46.215430 [debug] [MainThread]: An error was encountered while trying to flush usage events
